Starting ChromeDriver 81.0.4044.69 (6813546031a4bc83f717a2ef7cd4ac6ec1199132-refs/branch-heads/4044@{#776}) on port 9515
Only local connections are allowed.
Please protect ports used by ChromeDriver and related test frameworks to prevent access by malicious code.
[1588151533.646][WARNING]: FromSockAddr failed on netmask
[1588151533.805][INFO]: [2a2339ef3030fa38f7352bb8a708b4b3] COMMAND InitSession {
   "desiredCapabilities": {
      "browserName": "chrome",
      "name": "Test",
      "platform": "ANY"
   }
}
[1588151533.807][INFO]: Populating Preferences file: {
   "alternate_error_pages": {
      "enabled": false
   },
   "autofill": {
      "enabled": false
   },
   "browser": {
      "check_default_browser": false
   },
   "distribution": {
      "import_bookmarks": false,
      "import_history": false,
      "import_search_engine": false,
      "make_chrome_default_for_user": false,
      "skip_first_run_ui": true
   },
   "dns_prefetching": {
      "enabled": false
   },
   "profile": {
      "content_settings": {
         "pattern_pairs": {
            "https://*,*": {
               "media-stream": {
                  "audio": "Default",
                  "video": "Default"
               }
            }
         }
      },
      "default_content_setting_values": {
         "geolocation": 1
      },
      "default_content_settings": {
         "geolocation": 1,
         "mouselock": 1,
         "notifications": 1,
         "popups": 1,
         "ppapi-broker": 1
      },
      "password_manager_enabled": false
   },
   "safebrowsing": {
      "enabled": false
   },
   "search": {
      "suggest_enabled": false
   },
   "translate": {
      "enabled": false
   }
}
[1588151533.807][INFO]: Populating Local State file: {
   "background_mode": {
      "enabled": false
   },
   "ssl": {
      "rev_checking": {
         "enabled": false
      }
   }
}
[1588151533.813][INFO]: Launching chrome: /Applications/Google Chrome.app/Contents/MacOS/Google Chrome --disable-background-networking --disable-client-side-phishing-detection --disable-default-apps --disable-hang-monitor --disable-popup-blocking --disable-prompt-on-repost --disable-sync --enable-automation --enable-blink-features=ShadowDOMV0 --enable-logging --load-extension=/var/folders/kn/vbsgp1s93zlbdmk0zz1t7qsr0000gn/T/.com.google.Chrome.vASnpd/internal --log-level=0 --no-first-run --password-store=basic --remote-debugging-port=0 --test-type=webdriver --use-mock-keychain --user-data-dir=/var/folders/kn/vbsgp1s93zlbdmk0zz1t7qsr0000gn/T/.com.google.Chrome.NNmmnb data:,

DevTools listening on ws://127.0.0.1:52684/devtools/browser/64a3f247-7e39-41ca-8d74-9e3c18181264
[1588151534.016][DEBUG]: DevTools HTTP Request: http://localhost:52684/json/version
[41018:775:0429/181214.081548:ERROR:browser_switcher_service.cc(238)] XXX Init()
2020-04-29 18:12:14.483 Google Chrome[41018:220895] CoreText note: Client requested name ".AppleSDGothicNeoI-Regular", it will get Times-Roman rather than the intended font. All system UI font access should be through proper APIs such as CTFontCreateUIFontForLanguage() or +[NSFont systemFontOfSize:].
2020-04-29 18:12:14.484 Google Chrome[41018:220895] CoreText note: Set a breakpoint on CTFontLogSystemFontNameRequest to debug.
2020-04-29 18:12:14.484 Google Chrome[41018:220895] CoreText note: Client requested name ".AppleSDGothicNeoI-Regular", it will get Times-Roman rather than the intended font. All system UI font access should be through proper APIs such as CTFontCreateUIFontForLanguage() or +[NSFont systemFontOfSize:].
2020-04-29 18:12:14.484 Google Chrome[41018:220895] CoreText note: Client requested name ".AppleSDGothicNeoI-Regular", it will get Times-Roman rather than the intended font. All system UI font access should be through proper APIs such as CTFontCreateUIFontForLanguage() or +[NSFont systemFontOfSize:].
2020-04-29 18:12:14.495 Google Chrome[41018:220895] CoreText note: Client requested name ".AppleSDGothicNeoI-Regular", it will get Times-Roman rather than the intended font. All system UI font access should be through proper APIs such as CTFontCreateUIFontForLanguage() or +[NSFont systemFontOfSize:].
2020-04-29 18:12:14.495 Google Chrome[41018:220895] CoreText note: Client requested name ".AppleSDGothicNeoI-Regular", it will get Times-Roman rather than the intended font. All system UI font access should be through proper APIs such as CTFontCreateUIFontForLanguage() or +[NSFont systemFontOfSize:].
2020-04-29 18:12:14.495 Google Chrome[41018:220895] CoreText note: Client requested name ".AppleSDGothicNeoI-Regular", it will get Times-Roman rather than the intended font. All system UI font access should be through proper APIs such as CTFontCreateUIFontForLanguage() or +[NSFont systemFontOfSize:].
2020-04-29 18:12:14.519 Google Chrome[41018:220895] CoreText note: Client requested name ".AppleSDGothicNeoI-Regular", it will get Times-Roman rather than the intended font. All system UI font access should be through proper APIs such as CTFontCreateUIFontForLanguage() or +[NSFont systemFontOfSize:].
2020-04-29 18:12:14.519 Google Chrome[41018:220895] CoreText note: Client requested name ".AppleSDGothicNeoI-Regular", it will get Times-Roman rather than the intended font. All system UI font access should be through proper APIs such as CTFontCreateUIFontForLanguage() or +[NSFont systemFontOfSize:].
2020-04-29 18:12:14.519 Google Chrome[41018:220895] CoreText note: Client requested name ".AppleSDGothicNeoI-Regular", it will get Times-Roman rather than the intended font. All system UI font access should be through proper APIs such as CTFontCreateUIFontForLanguage() or +[NSFont systemFontOfSize:].
[1588151534.581][DEBUG]: DevTools HTTP Response: {
   "Browser": "Chrome/81.0.4044.129",
   "Protocol-Version": "1.3",
   "User-Agent": "Mozilla/5.0 (Macintosh; Intel Mac OS X 10_15_3) AppleWebKit/537.36 (KHTML, like Gecko) Chrome/81.0.4044.129 Safari/537.36",
   "V8-Version": "8.1.307.31",
   "WebKit-Version": "537.36 (@3d71af9f5704a40b85806f4d08925db24605ba25)",
   "webSocketDebuggerUrl": "ws://localhost:52684/devtools/browser/64a3f247-7e39-41ca-8d74-9e3c18181264"
}

[1588151534.581][DEBUG]: DevTools HTTP Request: http://localhost:52684/json/list
[1588151534.595][DEBUG]: DevTools HTTP Response: [ {
   "description": "",
   "devtoolsFrontendUrl": "/devtools/inspector.html?ws=localhost:52684/devtools/page/F6C3A6116CDA4A431F544487903AB217",
   "id": "F6C3A6116CDA4A431F544487903AB217",
   "title": "Chrome Automation Extension",
   "type": "background_page",
   "url": "chrome-extension://aapnijgdinlhnhlmodcfapnahmbfebeb/_generated_background_page.html",
   "webSocketDebuggerUrl": "ws://localhost:52684/devtools/page/F6C3A6116CDA4A431F544487903AB217"
}, {
   "description": "",
   "devtoolsFrontendUrl": "/devtools/inspector.html?ws=localhost:52684/devtools/page/1C30CBB12055EDA00D341509D9BAEED3",
   "id": "1C30CBB12055EDA00D341509D9BAEED3",
   "title": "",
   "type": "page",
   "url": "data:,",
   "webSocketDebuggerUrl": "ws://localhost:52684/devtools/page/1C30CBB12055EDA00D341509D9BAEED3"
} ]

[1588151534.595][DEBUG]: DevTools HTTP Request: http://localhost:52684/json/list
[1588151534.599][DEBUG]: DevTools HTTP Response: [ {
   "description": "",
   "devtoolsFrontendUrl": "/devtools/inspector.html?ws=localhost:52684/devtools/page/F6C3A6116CDA4A431F544487903AB217",
   "id": "F6C3A6116CDA4A431F544487903AB217",
   "title": "Chrome Automation Extension",
   "type": "background_page",
   "url": "chrome-extension://aapnijgdinlhnhlmodcfapnahmbfebeb/_generated_background_page.html",
   "webSocketDebuggerUrl": "ws://localhost:52684/devtools/page/F6C3A6116CDA4A431F544487903AB217"
}, {
   "description": "",
   "devtoolsFrontendUrl": "/devtools/inspector.html?ws=localhost:52684/devtools/page/1C30CBB12055EDA00D341509D9BAEED3",
   "id": "1C30CBB12055EDA00D341509D9BAEED3",
   "title": "",
   "type": "page",
   "url": "data:,",
   "webSocketDebuggerUrl": "ws://localhost:52684/devtools/page/1C30CBB12055EDA00D341509D9BAEED3"
} ]

[1588151534.600][INFO]: resolved localhost to ["::1","127.0.0.1"]
[1588151534.603][DEBUG]: DevTools WebSocket Command: Page.addScriptToEvaluateOnNewDocument (id=1) 1C30CBB12055EDA00D341509D9BAEED3 {
   "source": "(function () {window.cdc_adoQpoasnfa76pfcZLmcfl_Array = window.Array;window.cdc_adoQpoasnfa76pfcZLmcfl_Promise = window.Promise;window.cdc_adoQpoasnfa76pfcZLmcfl_Symbol = window.Symbol;}) ();"
}
[1588151534.604][DEBUG]: DevTools WebSocket Command: Runtime.evaluate (id=2) 1C30CBB12055EDA00D341509D9BAEED3 {
   "expression": "(function () {window.cdc_adoQpoasnfa76pfcZLmcfl_Array = window.Array;window.cdc_adoQpoasnfa76pfcZLmcfl_Promise = window.Promise;window.cdc_adoQpoasnfa76pfcZLmcfl_Symbol = window.Symbol;}) ();"
}
[1588151534.604][DEBUG]: DevTools WebSocket Command: Log.enable (id=3) 1C30CBB12055EDA00D341509D9BAEED3 {

}
[1588151534.604][DEBUG]: DevTools WebSocket Command: DOM.getDocument (id=4) 1C30CBB12055EDA00D341509D9BAEED3 {

}
[1588151534.605][DEBUG]: DevTools WebSocket Command: Target.setAutoAttach (id=5) 1C30CBB12055EDA00D341509D9BAEED3 {
   "autoAttach": true,
   "flatten": true,
   "waitForDebuggerOnStart": false
}
[1588151534.605][DEBUG]: DevTools WebSocket Command: Page.enable (id=6) 1C30CBB12055EDA00D341509D9BAEED3 {

}
[1588151534.605][DEBUG]: DevTools WebSocket Command: Page.enable (id=7) 1C30CBB12055EDA00D341509D9BAEED3 {

}
[1588151534.637][DEBUG]: DevTools WebSocket Response: Page.addScriptToEvaluateOnNewDocument (id=1) 1C30CBB12055EDA00D341509D9BAEED3 {
   "identifier": "1"
}
[1588151534.637][DEBUG]: DevTools WebSocket Response: Runtime.evaluate (id=2) 1C30CBB12055EDA00D341509D9BAEED3 {
   "result": {
      "type": "undefined"
   }
}
[1588151534.637][DEBUG]: DevTools WebSocket Response: Log.enable (id=3) 1C30CBB12055EDA00D341509D9BAEED3 {

}
[1588151534.637][DEBUG]: DevTools WebSocket Response: DOM.getDocument (id=4) 1C30CBB12055EDA00D341509D9BAEED3 {
   "root": {
      "backendNodeId": 2,
      "baseURL": "data:,",
      "childNodeCount": 0,
      "children": [  ],
      "documentURL": "data:,",
      "localName": "",
      "nodeId": 1,
      "nodeName": "#document",
      "nodeType": 9,
      "nodeValue": "",
      "xmlVersion": ""
   }
}
[1588151534.637][DEBUG]: DevTools WebSocket Response: Target.setAutoAttach (id=5) 1C30CBB12055EDA00D341509D9BAEED3 {

}
[1588151534.637][DEBUG]: DevTools WebSocket Response: Page.enable (id=6) 1C30CBB12055EDA00D341509D9BAEED3 {

}
[1588151534.637][DEBUG]: DevTools WebSocket Response: Page.enable (id=7) 1C30CBB12055EDA00D341509D9BAEED3 {

}
[1588151534.637][DEBUG]: DevTools WebSocket Command: Runtime.enable (id=8) 1C30CBB12055EDA00D341509D9BAEED3 {

}
[1588151534.642][DEBUG]: DevTools WebSocket Event: DOM.childNodeInserted 1C30CBB12055EDA00D341509D9BAEED3 {
   "node": {
      "attributes": [  ],
      "backendNodeId": 3,
      "childNodeCount": 0,
      "frameId": "1C30CBB12055EDA00D341509D9BAEED3",
      "localName": "html",
      "nodeId": 2,
      "nodeName": "HTML",
      "nodeType": 1,
      "nodeValue": ""
   },
   "parentNodeId": 1,
   "previousNodeId": 0
}
[1588151534.642][DEBUG]: DevTools WebSocket Event: DOM.childNodeCountUpdated 1C30CBB12055EDA00D341509D9BAEED3 {
   "childNodeCount": 1,
   "nodeId": 2
}
[1588151534.642][DEBUG]: DevTools WebSocket Event: DOM.childNodeCountUpdated 1C30CBB12055EDA00D341509D9BAEED3 {
   "childNodeCount": 2,
   "nodeId": 2
}
[1588151534.642][DEBUG]: DevTools WebSocket Event: Page.loadEventFired 1C30CBB12055EDA00D341509D9BAEED3 {
   "timestamp": 25386.3938
}
[1588151534.642][DEBUG]: DevTools WebSocket Event: Page.frameStoppedLoading 1C30CBB12055EDA00D341509D9BAEED3 {
   "frameId": "1C30CBB12055EDA00D341509D9BAEED3"
}
[1588151534.642][DEBUG]: DevTools WebSocket Event: DOM.documentUpdated 1C30CBB12055EDA00D341509D9BAEED3 {

}
[1588151534.642][DEBUG]: DevTools WebSocket Command: DOM.getDocument (id=9) 1C30CBB12055EDA00D341509D9BAEED3 {

}
[1588151534.642][DEBUG]: DevTools WebSocket Event: Page.domContentEventFired 1C30CBB12055EDA00D341509D9BAEED3 {
   "timestamp": 25386.394172
}
[1588151534.643][DEBUG]: DevTools WebSocket Event: Page.frameResized 1C30CBB12055EDA00D341509D9BAEED3 {

}
[1588151534.644][DEBUG]: DevTools WebSocket Event: Runtime.executionContextCreated 1C30CBB12055EDA00D341509D9BAEED3 {
   "context": {
      "auxData": {
         "frameId": "1C30CBB12055EDA00D341509D9BAEED3",
         "isDefault": true,
         "type": "default"
      },
      "id": 1,
      "name": "",
      "origin": "://"
   }
}
[1588151534.644][DEBUG]: DevTools WebSocket Response: Runtime.enable (id=8) 1C30CBB12055EDA00D341509D9BAEED3 {

}
[1588151534.644][DEBUG]: DevTools WebSocket Command: Page.enable (id=10) 1C30CBB12055EDA00D341509D9BAEED3 {

}
[1588151534.645][DEBUG]: DevTools WebSocket Response: DOM.getDocument (id=9) 1C30CBB12055EDA00D341509D9BAEED3 {
   "root": {
      "backendNodeId": 2,
      "baseURL": "data:,",
      "childNodeCount": 1,
      "children": [ {
         "attributes": [  ],
         "backendNodeId": 3,
         "childNodeCount": 2,
         "children": [ {
            "attributes": [  ],
            "backendNodeId": 4,
            "childNodeCount": 0,
            "localName": "head",
            "nodeId": 5,
            "nodeName": "HEAD",
            "nodeType": 1,
            "nodeValue": "",
            "parentId": 4
         }, {
            "attributes": [  ],
            "backendNodeId": 5,
            "childNodeCount": 0,
            "localName": "body",
            "nodeId": 6,
            "nodeName": "BODY",
            "nodeType": 1,
            "nodeValue": "",
            "parentId": 4
         } ],
         "frameId": "1C30CBB12055EDA00D341509D9BAEED3",
         "localName": "html",
         "nodeId": 4,
         "nodeName": "HTML",
         "nodeType": 1,
         "nodeValue": "",
         "parentId": 3
      } ],
      "documentURL": "data:,",
      "localName": "",
      "nodeId": 3,
      "nodeName": "#document",
      "nodeType": 9,
      "nodeValue": "",
      "xmlVersion": ""
   }
}
[1588151534.647][DEBUG]: DevTools WebSocket Response: Page.enable (id=10) 1C30CBB12055EDA00D341509D9BAEED3 {

}
[1588151534.648][DEBUG]: DevTools WebSocket Command: Runtime.enable (id=11) 1C30CBB12055EDA00D341509D9BAEED3 {

}
[1588151534.650][DEBUG]: DevTools WebSocket Response: Runtime.enable (id=11) 1C30CBB12055EDA00D341509D9BAEED3 {

}
[1588151534.650][DEBUG]: DevTools WebSocket Command: Runtime.evaluate (id=12) 1C30CBB12055EDA00D341509D9BAEED3 {
   "awaitPromise": true,
   "expression": "(function() { // Copyright (c) 2012 The Chromium Authors. All rights reserved.\n// Use of this source code is governed by a BSD-style license that can be\n// found in the LICENSE file.\n\n/**\n * Enum f...",
   "returnByValue": true
}
[1588151534.653][DEBUG]: DevTools WebSocket Response: Runtime.evaluate (id=12) 1C30CBB12055EDA00D341509D9BAEED3 {
   "result": {
      "type": "object",
      "value": {
         "status": 0,
         "value": 1
      }
   }
}
[1588151534.653][INFO]: [2a2339ef3030fa38f7352bb8a708b4b3] RESPONSE InitSession {
   "acceptInsecureCerts": false,
   "acceptSslCerts": false,
   "applicationCacheEnabled": false,
   "browserConnectionEnabled": false,
   "browserName": "chrome",
   "chrome": {
      "chromedriverVersion": "81.0.4044.69 (6813546031a4bc83f717a2ef7cd4ac6ec1199132-refs/branch-heads/4044@{#776})",
      "userDataDir": "/var/folders/kn/vbsgp1s93zlbdmk0zz1t7qsr0000gn/T/.com.google.Chrome.NNmmnb"
   },
   "cssSelectorsEnabled": true,
   "databaseEnabled": false,
   "goog:chromeOptions": {
      "debuggerAddress": "localhost:52684"
   },
   "handlesAlerts": true,
   "hasTouchScreen": false,
   "javascriptEnabled": true,
   "locationContextEnabled": true,
   "mobileEmulationEnabled": false,
   "nativeEvents": true,
   "networkConnectionEnabled": false,
   "pageLoadStrategy": "normal",
   "platform": "Mac OS X",
   "proxy": {

   },
   "~~~": "..."
}
[1588151534.666][INFO]: [2a2339ef3030fa38f7352bb8a708b4b3] COMMAND Navigate {
   "url": "http://localhost:8080"
}
[1588151534.666][INFO]: Waiting for pending navigations...
[1588151534.666][DEBUG]: DevTools WebSocket Command: Runtime.evaluate (id=13) 1C30CBB12055EDA00D341509D9BAEED3 {
   "expression": "1"
}
[1588151534.667][DEBUG]: DevTools WebSocket Response: Runtime.evaluate (id=13) 1C30CBB12055EDA00D341509D9BAEED3 {
   "result": {
      "description": "1",
      "type": "number",
      "value": 1
   }
}
[1588151534.667][INFO]: Done waiting for pending navigations. Status: ok
[1588151534.667][DEBUG]: DevTools WebSocket Command: Page.navigate (id=14) 1C30CBB12055EDA00D341509D9BAEED3 {
   "url": "http://localhost:8080"
}
[1588151534.688][DEBUG]: DevTools WebSocket Response: Page.navigate (id=14) 1C30CBB12055EDA00D341509D9BAEED3 {
   "frameId": "1C30CBB12055EDA00D341509D9BAEED3",
   "loaderId": "F917CF91884981FD224E2C814530A5B6"
}
[1588151534.688][DEBUG]: DevTools WebSocket Command: Runtime.evaluate (id=15) 1C30CBB12055EDA00D341509D9BAEED3 {
   "expression": "document.URL"
}
[1588151534.701][DEBUG]: DevTools WebSocket Event: Runtime.executionContextsCleared 1C30CBB12055EDA00D341509D9BAEED3 {

}
[1588151534.738][DEBUG]: DevTools WebSocket Event: Page.frameStartedLoading 1C30CBB12055EDA00D341509D9BAEED3 {
   "frameId": "1C30CBB12055EDA00D341509D9BAEED3"
}
[1588151534.738][DEBUG]: DevTools WebSocket Event: Runtime.executionContextsCleared 1C30CBB12055EDA00D341509D9BAEED3 {

}
[1588151534.738][DEBUG]: DevTools WebSocket Event: Page.frameNavigated 1C30CBB12055EDA00D341509D9BAEED3 {
   "frame": {
      "id": "1C30CBB12055EDA00D341509D9BAEED3",
      "loaderId": "F917CF91884981FD224E2C814530A5B6",
      "mimeType": "text/html",
      "securityOrigin": "http://localhost:8080",
      "url": "http://localhost:8080/"
   }
}
[1588151534.738][DEBUG]: DevTools WebSocket Event: DOM.documentUpdated 1C30CBB12055EDA00D341509D9BAEED3 {

}
[1588151534.738][DEBUG]: DevTools WebSocket Command: DOM.getDocument (id=16) 1C30CBB12055EDA00D341509D9BAEED3 {

}
[1588151534.739][DEBUG]: DevTools WebSocket Event: Runtime.executionContextCreated 1C30CBB12055EDA00D341509D9BAEED3 {
   "context": {
      "auxData": {
         "frameId": "1C30CBB12055EDA00D341509D9BAEED3",
         "isDefault": true,
         "type": "default"
      },
      "id": 1,
      "name": "",
      "origin": "http://localhost:8080"
   }
}
[1588151534.757][DEBUG]: DevTools WebSocket Response: Runtime.evaluate (id=15) 1C30CBB12055EDA00D341509D9BAEED3 {
   "result": {
      "type": "string",
      "value": "http://localhost:8080/"
   }
}
[1588151534.757][INFO]: Waiting for pending navigations...
[1588151534.758][DEBUG]: DevTools WebSocket Command: Runtime.evaluate (id=17) 1C30CBB12055EDA00D341509D9BAEED3 {
   "expression": "1"
}
[1588151534.779][DEBUG]: DevTools WebSocket Response: DOM.getDocument (id=16) 1C30CBB12055EDA00D341509D9BAEED3 {
   "root": {
      "backendNodeId": 1,
      "baseURL": "http://localhost:8080/",
      "childNodeCount": 0,
      "children": [  ],
      "documentURL": "http://localhost:8080/",
      "localName": "",
      "nodeId": 1,
      "nodeName": "#document",
      "nodeType": 9,
      "nodeValue": "",
      "xmlVersion": ""
   }
}
[1588151534.779][DEBUG]: DevTools WebSocket Response: Runtime.evaluate (id=17) 1C30CBB12055EDA00D341509D9BAEED3 {
   "result": {
      "description": "1",
      "type": "number",
      "value": 1
   }
}
[1588151534.779][DEBUG]: DevTools WebSocket Command: DOM.getDocument (id=18) 1C30CBB12055EDA00D341509D9BAEED3 {

}
[1588151534.784][DEBUG]: DevTools WebSocket Response: DOM.getDocument (id=18) 1C30CBB12055EDA00D341509D9BAEED3 {
   "root": {
      "backendNodeId": 1,
      "baseURL": "http://localhost:8080/",
      "childNodeCount": 0,
      "children": [  ],
      "documentURL": "http://localhost:8080/",
      "localName": "",
      "nodeId": 2,
      "nodeName": "#document",
      "nodeType": 9,
      "nodeValue": "",
      "xmlVersion": ""
   }
}
[1588151534.784][DEBUG]: DevTools WebSocket Command: Runtime.evaluate (id=19) 1C30CBB12055EDA00D341509D9BAEED3 {
   "awaitPromise": true,
   "expression": "document.readyState",
   "returnByValue": true
}
[1588151534.787][DEBUG]: DevTools WebSocket Event: DOM.childNodeInserted 1C30CBB12055EDA00D341509D9BAEED3 {
   "node": {
      "backendNodeId": 2,
      "localName": "",
      "nodeId": 3,
      "nodeName": "html",
      "nodeType": 10,
      "nodeValue": "",
      "publicId": "",
      "systemId": ""
   },
   "parentNodeId": 2,
   "previousNodeId": 0
}
[1588151534.787][DEBUG]: DevTools WebSocket Event: DOM.childNodeInserted 1C30CBB12055EDA00D341509D9BAEED3 {
   "node": {
      "attributes": [ "lang", "en" ],
      "backendNodeId": 3,
      "childNodeCount": 0,
      "frameId": "1C30CBB12055EDA00D341509D9BAEED3",
      "localName": "html",
      "nodeId": 4,
      "nodeName": "HTML",
      "nodeType": 1,
      "nodeValue": ""
   },
   "parentNodeId": 2,
   "previousNodeId": 3
}
[1588151534.788][DEBUG]: DevTools WebSocket Event: DOM.childNodeCountUpdated 1C30CBB12055EDA00D341509D9BAEED3 {
   "childNodeCount": 1,
   "nodeId": 4
}
[1588151534.788][DEBUG]: DevTools WebSocket Response: Runtime.evaluate (id=19) 1C30CBB12055EDA00D341509D9BAEED3 {
   "result": {
      "type": "string",
      "value": "loading"
   }
}
[1588151534.888][SEVERE]: Timed out receiving message from renderer: 0.100
[1588151534.888][DEBUG]: DevTools WebSocket Command: Runtime.evaluate (id=20) 1C30CBB12055EDA00D341509D9BAEED3 {
   "expression": "1"
}
[1588151534.949][DEBUG]: DevTools WebSocket Event: Runtime.consoleAPICalled 1C30CBB12055EDA00D341509D9BAEED3 {
   "args": [ {
      "type": "string",
      "value": "[HMR] Waiting for update signal from WDS..."
   } ],
   "executionContextId": 1,
   "stackTrace": {
      "callFrames": [ {
         "columnNumber": 11,
         "functionName": "./node_modules/webpack/hot/log.js.module.exports",
         "lineNumber": 21159,
         "scriptId": "9",
         "url": "http://localhost:8080/calendar.js"
      }, {
         "columnNumber": 1,
         "functionName": "./node_modules/webpack/hot/dev-server.js",
         "lineNumber": 21055,
         "scriptId": "9",
         "url": "http://localhost:8080/calendar.js"
      }, {
         "columnNumber": 29,
         "functionName": "__webpack_require__",
         "lineNumber": 735,
         "scriptId": "9",
         "url": "http://localhost:8080/calendar.js"
      }, {
         "columnNumber": 19,
         "functionName": "fn",
         "lineNumber": 110,
         "scriptId": "9",
         "url": "http://localhost:8080/calendar.js"
      }, {
         "columnNumber": 0,
         "functionName": "0",
         "lineNumber": 21642,
         "scriptId": "9",
         "url": "http://localhost:8080/calendar.js"
      }, {
         "columnNumber": 29,
         "functionName": "__webpack_require__",
         "lineNumber": 735,
         "scriptId": "9",
         "url": "http://localhost:8080/calendar.js"
      }, {
         "columnNumber": 36,
         "functionName": "",
         "lineNumber": 802,
         "scriptId": "9",
         "url": "http://localhost:8080/calendar.js"
      }, {
         "columnNumber": 9,
         "functionName": "",
         "lineNumber": 805,
         "scriptId": "9",
         "url": "http://localhost:8080/calendar.js"
      }, {
         "columnNumber": 17,
         "functionName": "webpackUniversalModuleDefinition",
         "lineNumber": 8,
         "scriptId": "9",
         "url": "http://localhost:8080/calendar.js"
      }, {
         "columnNumber": 2,
         "functionName": "",
         "lineNumber": 9,
         "scriptId": "9",
         "url": "http://localhost:8080/calendar.js"
      } ]
   },
   "timestamp": 1.588151534907357e+12,
   "type": "log"
}
[1588151535.033][DEBUG]: DevTools WebSocket Event: DOM.childNodeCountUpdated 1C30CBB12055EDA00D341509D9BAEED3 {
   "childNodeCount": 2,
   "nodeId": 4
}
[1588151535.033][DEBUG]: DevTools WebSocket Event: Page.loadEventFired 1C30CBB12055EDA00D341509D9BAEED3 {
   "timestamp": 25386.750056
}
[1588151535.033][DEBUG]: DevTools WebSocket Event: Page.frameStoppedLoading 1C30CBB12055EDA00D341509D9BAEED3 {
   "frameId": "1C30CBB12055EDA00D341509D9BAEED3"
}
[1588151535.033][DEBUG]: DevTools WebSocket Event: DOM.documentUpdated 1C30CBB12055EDA00D341509D9BAEED3 {

}
[1588151535.033][DEBUG]: DevTools WebSocket Command: DOM.getDocument (id=21) 1C30CBB12055EDA00D341509D9BAEED3 {

}
[1588151535.033][DEBUG]: DevTools WebSocket Event: Page.domContentEventFired 1C30CBB12055EDA00D341509D9BAEED3 {
   "timestamp": 25386.797103
}
[1588151535.041][DEBUG]: DevTools WebSocket Response: Runtime.evaluate (id=20) 1C30CBB12055EDA00D341509D9BAEED3 {
   "result": {
      "description": "1",
      "type": "number",
      "value": 1
   }
}
[1588151535.041][INFO]: Done waiting for pending navigations. Status: ok
[1588151535.041][INFO]: [2a2339ef3030fa38f7352bb8a708b4b3] RESPONSE Navigate
[1588151535.045][INFO]: [2a2339ef3030fa38f7352bb8a708b4b3] COMMAND FindElements {
   "using": "css selector",
   "value": "body"
}
[1588151535.045][DEBUG]: DevTools WebSocket Response: DOM.getDocument (id=21) 1C30CBB12055EDA00D341509D9BAEED3 {
   "root": {
      "backendNodeId": 1,
      "baseURL": "http://localhost:8080/",
      "childNodeCount": 2,
      "children": [ {
         "backendNodeId": 2,
         "localName": "",
         "nodeId": 6,
         "nodeName": "html",
         "nodeType": 10,
         "nodeValue": "",
         "parentId": 5,
         "publicId": "",
         "systemId": ""
      }, {
         "attributes": [ "lang", "en" ],
         "backendNodeId": 3,
         "childNodeCount": 2,
         "children": [ {
            "attributes": [  ],
            "backendNodeId": 72,
            "childNodeCount": 6,
            "localName": "head",
            "nodeId": 8,
            "nodeName": "HEAD",
            "nodeType": 1,
            "nodeValue": "",
            "parentId": 7
         }, {
            "attributes": [  ],
            "backendNodeId": 73,
            "childNodeCount": 2,
            "localName": "body",
            "nodeId": 9,
            "nodeName": "BODY",
            "nodeType": 1,
            "nodeValue": "",
            "parentId": 7
         } ],
         "frameId": "1C30CBB12055EDA00D341509D9BAEED3",
         "localName": "html",
         "nodeId": 7,
         "nodeName": "HTML",
         "nodeType": 1,
         "nodeValue": "",
         "parentId": 5
      } ],
      "documentURL": "http://localhost:8080/",
      "localName": "",
      "nodeId": 5,
      "nodeName": "#document",
      "nodeType": 9,
      "nodeValue": "",
      "xmlVersion": ""
   }
}
[1588151535.045][INFO]: Waiting for pending navigations...
[1588151535.045][DEBUG]: DevTools WebSocket Command: Runtime.evaluate (id=22) 1C30CBB12055EDA00D341509D9BAEED3 {
   "expression": "1"
}
[1588151535.046][DEBUG]: DevTools WebSocket Response: Runtime.evaluate (id=22) 1C30CBB12055EDA00D341509D9BAEED3 {
   "result": {
      "description": "1",
      "type": "number",
      "value": 1
   }
}
[1588151535.046][INFO]: Done waiting for pending navigations. Status: ok
[1588151535.048][DEBUG]: DevTools WebSocket Command: Runtime.evaluate (id=23) 1C30CBB12055EDA00D341509D9BAEED3 {
   "awaitPromise": true,
   "expression": "(function() { // Copyright (c) 2012 The Chromium Authors. All rights reserved.\n// Use of this source code is governed by a BSD-style license that can be\n// found in the LICENSE file.\n\n/**\n * Enum f...",
   "returnByValue": true
}
[1588151535.051][DEBUG]: DevTools WebSocket Event: Log.entryAdded 1C30CBB12055EDA00D341509D9BAEED3 {
   "entry": {
      "level": "error",
      "networkRequestId": "41031.6",
      "source": "network",
      "text": "Failed to load resource: the server responded with a status of 404 (Not Found)",
      "timestamp": 1.588151535050466e+12,
      "url": "http://localhost:8080/favicon.ico"
   }
}
[1588151535.057][DEBUG]: DevTools WebSocket Event: Page.frameResized 1C30CBB12055EDA00D341509D9BAEED3 {

}
[1588151535.063][DEBUG]: DevTools WebSocket Response: Runtime.evaluate (id=23) 1C30CBB12055EDA00D341509D9BAEED3 {
   "result": {
      "type": "object",
      "value": {
         "status": 0,
         "value": [ {
            "ELEMENT": "0.9128153799182293-1"
         } ]
      }
   }
}
[1588151535.063][INFO]: Waiting for pending navigations...
[1588151535.063][DEBUG]: DevTools WebSocket Command: Runtime.evaluate (id=24) 1C30CBB12055EDA00D341509D9BAEED3 {
   "expression": "1"
}
[1588151535.065][DEBUG]: DevTools WebSocket Response: Runtime.evaluate (id=24) 1C30CBB12055EDA00D341509D9BAEED3 {
   "result": {
      "description": "1",
      "type": "number",
      "value": 1
   }
}
[1588151535.065][INFO]: Done waiting for pending navigations. Status: ok
[1588151535.065][INFO]: [2a2339ef3030fa38f7352bb8a708b4b3] RESPONSE FindElements [ {
   "ELEMENT": "0.9128153799182293-1"
} ]
[1588151535.068][INFO]: [2a2339ef3030fa38f7352bb8a708b4b3] COMMAND IsElementDisplayed {
   "id": "0.9128153799182293-1"
}
[1588151535.068][INFO]: Waiting for pending navigations...
[1588151535.068][DEBUG]: DevTools WebSocket Command: Runtime.evaluate (id=25) 1C30CBB12055EDA00D341509D9BAEED3 {
   "expression": "1"
}
[1588151535.068][DEBUG]: DevTools WebSocket Event: Runtime.consoleAPICalled 1C30CBB12055EDA00D341509D9BAEED3 {
   "args": [ {
      "type": "string",
      "value": "[WDS] Hot Module Replacement enabled."
   } ],
   "executionContextId": 1,
   "stackTrace": {
      "callFrames": [ {
         "columnNumber": 8,
         "functionName": "hot",
         "lineNumber": 20249,
         "scriptId": "9",
         "url": "http://localhost:8080/calendar.js"
      }, {
         "columnNumber": 24,
         "functionName": "",
         "lineNumber": 20567,
         "scriptId": "9",
         "url": "http://localhost:8080/calendar.js"
      }, {
         "columnNumber": 8,
         "functionName": "sock.onmessage",
         "lineNumber": 20179,
         "scriptId": "9",
         "url": "http://localhost:8080/calendar.js"
      }, {
         "columnNumber": 19,
         "functionName": "EventTarget.dispatchEvent",
         "lineNumber": 13365,
         "scriptId": "9",
         "url": "http://localhost:8080/calendar.js"
      }, {
         "columnNumber": 15,
         "functionName": "",
         "lineNumber": 14083,
         "scriptId": "9",
         "url": "http://localhost:8080/calendar.js"
      }, {
         "columnNumber": 16,
         "functionName": "SockJS._transportMessage",
         "lineNumber": 14081,
         "scriptId": "9",
         "url": "http://localhost:8080/calendar.js"
      }, {
         "columnNumber": 17,
         "functionName": "EventEmitter.emit",
         "lineNumber": 13281,
         "scriptId": "9",
         "url": "http://localhost:8080/calendar.js"
      }, {
         "columnNumber": 9,
         "functionName": "WebSocketTransport.ws.onmessage",
         "lineNumber": 16157,
         "scriptId": "9",
         "url": "http://localhost:8080/calendar.js"
      } ]
   },
   "timestamp": 1.588151535066594e+12,
   "type": "info"
}
[1588151535.069][DEBUG]: DevTools WebSocket Event: Runtime.consoleAPICalled 1C30CBB12055EDA00D341509D9BAEED3 {
   "args": [ {
      "type": "string",
      "value": "[WDS] Live Reloading enabled."
   } ],
   "executionContextId": 1,
   "stackTrace": {
      "callFrames": [ {
         "columnNumber": 8,
         "functionName": "liveReload",
         "lineNumber": 20253,
         "scriptId": "9",
         "url": "http://localhost:8080/calendar.js"
      }, {
         "columnNumber": 24,
         "functionName": "",
         "lineNumber": 20567,
         "scriptId": "9",
         "url": "http://localhost:8080/calendar.js"
      }, {
         "columnNumber": 8,
         "functionName": "sock.onmessage",
         "lineNumber": 20179,
         "scriptId": "9",
         "url": "http://localhost:8080/calendar.js"
      }, {
         "columnNumber": 19,
         "functionName": "EventTarget.dispatchEvent",
         "lineNumber": 13365,
         "scriptId": "9",
         "url": "http://localhost:8080/calendar.js"
      }, {
         "columnNumber": 15,
         "functionName": "",
         "lineNumber": 14083,
         "scriptId": "9",
         "url": "http://localhost:8080/calendar.js"
      }, {
         "columnNumber": 16,
         "functionName": "SockJS._transportMessage",
         "lineNumber": 14081,
         "scriptId": "9",
         "url": "http://localhost:8080/calendar.js"
      }, {
         "columnNumber": 17,
         "functionName": "EventEmitter.emit",
         "lineNumber": 13281,
         "scriptId": "9",
         "url": "http://localhost:8080/calendar.js"
      }, {
         "columnNumber": 9,
         "functionName": "WebSocketTransport.ws.onmessage",
         "lineNumber": 16157,
         "scriptId": "9",
         "url": "http://localhost:8080/calendar.js"
      } ]
   },
   "timestamp": 1.5881515350682039e+12,
   "type": "info"
}
[1588151535.070][DEBUG]: DevTools WebSocket Response: Runtime.evaluate (id=25) 1C30CBB12055EDA00D341509D9BAEED3 {
   "result": {
      "description": "1",
      "type": "number",
      "value": 1
   }
}
[1588151535.070][INFO]: Done waiting for pending navigations. Status: ok
[1588151535.071][DEBUG]: DevTools WebSocket Command: Runtime.evaluate (id=26) 1C30CBB12055EDA00D341509D9BAEED3 {
   "awaitPromise": true,
   "expression": "(function() { // Copyright (c) 2012 The Chromium Authors. All rights reserved.\n// Use of this source code is governed by a BSD-style license that can be\n// found in the LICENSE file.\n\n/**\n * Enum f...",
   "returnByValue": true
}
[1588151535.076][DEBUG]: DevTools WebSocket Response: Runtime.evaluate (id=26) 1C30CBB12055EDA00D341509D9BAEED3 {
   "result": {
      "type": "object",
      "value": {
         "status": 0,
         "value": true
      }
   }
}
[1588151535.076][INFO]: Waiting for pending navigations...
[1588151535.076][DEBUG]: DevTools WebSocket Command: Runtime.evaluate (id=27) 1C30CBB12055EDA00D341509D9BAEED3 {
   "expression": "1"
}
[1588151535.077][DEBUG]: DevTools WebSocket Response: Runtime.evaluate (id=27) 1C30CBB12055EDA00D341509D9BAEED3 {
   "result": {
      "description": "1",
      "type": "number",
      "value": 1
   }
}
[1588151535.077][INFO]: Done waiting for pending navigations. Status: ok
[1588151535.077][INFO]: [2a2339ef3030fa38f7352bb8a708b4b3] RESPONSE IsElementDisplayed true
[1588151535.082][INFO]: [2a2339ef3030fa38f7352bb8a708b4b3] COMMAND GetTitle {

}
[1588151535.082][INFO]: Waiting for pending navigations...
[1588151535.082][DEBUG]: DevTools WebSocket Command: Runtime.evaluate (id=28) 1C30CBB12055EDA00D341509D9BAEED3 {
   "expression": "1"
}
[1588151535.083][DEBUG]: DevTools WebSocket Response: Runtime.evaluate (id=28) 1C30CBB12055EDA00D341509D9BAEED3 {
   "result": {
      "description": "1",
      "type": "number",
      "value": 1
   }
}
[1588151535.083][INFO]: Done waiting for pending navigations. Status: ok
[1588151535.083][DEBUG]: DevTools WebSocket Command: Runtime.evaluate (id=29) 1C30CBB12055EDA00D341509D9BAEED3 {
   "awaitPromise": true,
   "expression": "(function() { // Copyright (c) 2012 The Chromium Authors. All rights reserved.\n// Use of this source code is governed by a BSD-style license that can be\n// found in the LICENSE file.\n\n/**\n * Enum f...",
   "returnByValue": true
}
[1588151535.084][DEBUG]: DevTools WebSocket Response: Runtime.evaluate (id=29) 1C30CBB12055EDA00D341509D9BAEED3 {
   "result": {
      "type": "object",
      "value": {
         "status": 0,
         "value": "UGLY CALENDAR"
      }
   }
}
[1588151535.085][INFO]: Waiting for pending navigations...
[1588151535.085][DEBUG]: DevTools WebSocket Command: Runtime.evaluate (id=30) 1C30CBB12055EDA00D341509D9BAEED3 {
   "expression": "1"
}
[1588151535.085][DEBUG]: DevTools WebSocket Response: Runtime.evaluate (id=30) 1C30CBB12055EDA00D341509D9BAEED3 {
   "result": {
      "description": "1",
      "type": "number",
      "value": 1
   }
}
[1588151535.085][INFO]: Done waiting for pending navigations. Status: ok
[1588151535.085][INFO]: [2a2339ef3030fa38f7352bb8a708b4b3] RESPONSE GetTitle "UGLY CALENDAR"
[1588151535.091][INFO]: [2a2339ef3030fa38f7352bb8a708b4b3] COMMAND Quit {

}
[1588151535.141][INFO]: [2a2339ef3030fa38f7352bb8a708b4b3] RESPONSE Quit
[1588151535.141][DEBUG]: Log type 'driver' lost 1 entries on destruction
[1588151535.141][DEBUG]: Log type 'browser' lost 1 entries on destruction
