17:00:25.789 INFO [GridLauncherV3.parse] - Selenium server version: 3.141.59, revision: e82be7d358
17:00:25.859 INFO [GridLauncherV3.lambda$buildLaunchers$3] - Launching a standalone Selenium Server on port 4444
2020-05-08 17:00:25.896:INFO::main: Logging initialized @299ms to org.seleniumhq.jetty9.util.log.StdErrLog
17:00:26.073 INFO [WebDriverServlet.<init>] - Initialising WebDriverServlet
17:00:26.154 INFO [SeleniumServer.boot] - Selenium Server is up and running on port 4444
17:00:26.483 INFO [ActiveSessionFactory.apply] - Capabilities are: {
  "browserName": "chrome",
  "chromeOptions": {
    "args": [
      "--no-sandbox"
    ],
    "w3c": false
  },
  "name": "First Journey"
}
17:00:26.484 INFO [ActiveSessionFactory.lambda$apply$11] - Matched factory org.openqa.selenium.grid.session.remote.ServicedSession$Factory (provider: org.openqa.selenium.chrome.ChromeDriverService)
Starting ChromeDriver 81.0.4044.69 (6813546031a4bc83f717a2ef7cd4ac6ec1199132-refs/branch-heads/4044@{#776}) on port 4850
Only local connections are allowed.
Please protect ports used by ChromeDriver and related test frameworks to prevent access by malicious code.
17:00:27.694 INFO [ProtocolHandshake.createSession] - Detected dialect: OSS
17:00:28.000 INFO [RemoteSession$Factory.lambda$performHandshake$0] - Started new session 4793ca33d8dc1ce459b6ac7b5ba928a9 (org.openqa.selenium.chrome.ChromeDriverService)
17:00:28.351 INFO [ActiveSessions$1.onStop] - Removing session 4793ca33d8dc1ce459b6ac7b5ba928a9 (org.openqa.selenium.chrome.ChromeDriverService)
